<?xml version="1.0" encoding="UTF-8"?>
<testsuites>
  <testsuite name="/var/www/html/phpunit.xml" tests="5" assertions="5" errors="0" failures="2" skipped="0" time="12.058331">
    <testsuite name="Unit" tests="1" assertions="1" errors="0" failures="0" skipped="0" time="0.160558">
      <testsuite name="Tests\Unit\ExampleTest" file="/var/www/html/tests/Unit/ExampleTest.php" tests="1" assertions="1" errors="0" failures="0" skipped="0" time="0.160558">
        <testcase name="test_that_true_is_true" file="/var/www/html/tests/Unit/ExampleTest.php" line="12" class="Tests\Unit\ExampleTest" classname="Tests.Unit.ExampleTest" assertions="1" time="0.160558"/>
      </testsuite>
    </testsuite>
    <testsuite name="Feature" tests="4" assertions="4" errors="0" failures="2" skipped="0" time="11.897773">
      <testsuite name="Tests\Feature\ExampleTest" file="/var/www/html/tests/Feature/ExampleTest.php" tests="1" assertions="1" errors="0" failures="0" skipped="0" time="5.929596">
        <testcase name="test_the_application_returns_a_successful_response" file="/var/www/html/tests/Feature/ExampleTest.php" line="13" class="Tests\Feature\ExampleTest" classname="Tests.Feature.ExampleTest" assertions="1" time="5.929596"/>
      </testsuite>
      <testsuite name="Tests\Feature\ProductApiTest" file="/var/www/html/tests/Feature/ProductApiTest.php" tests="3" assertions="3" errors="0" failures="2" skipped="0" time="5.968177">
        <testcase name="test_public_can_list_products" file="/var/www/html/tests/Feature/ProductApiTest.php" line="16" class="Tests\Feature\ProductApiTest" classname="Tests.Feature.ProductApiTest" assertions="1" time="5.006947">
          <failure type="PHPUnit\Framework\ExpectationFailedException">Tests\Feature\ProductApiTest::test_public_can_list_products
Expected response status code [200] but received 500.
Failed asserting that 500 is identical to 200.

/var/www/html/vendor/laravel/framework/src/Illuminate/Testing/TestResponse.php:148
/var/www/html/tests/Feature/ProductApiTest.php:22</failure>
        </testcase>
        <testcase name="test_create_product_requires_auth" file="/var/www/html/tests/Feature/ProductApiTest.php" line="26" class="Tests\Feature\ProductApiTest" classname="Tests.Feature.ProductApiTest" assertions="1" time="0.233409"/>
        <testcase name="test_authenticated_can_create_product" file="/var/www/html/tests/Feature/ProductApiTest.php" line="39" class="Tests\Feature\ProductApiTest" classname="Tests.Feature.ProductApiTest" assertions="1" time="0.727821">
          <failure type="PHPUnit\Framework\ExpectationFailedException">Tests\Feature\ProductApiTest::test_authenticated_can_create_product
Expected response status code [201] but received 500.
Failed asserting that 500 is identical to 201.

/var/www/html/vendor/laravel/framework/src/Illuminate/Testing/TestResponse.php:148
/var/www/html/tests/Feature/ProductApiTest.php:53</failure>
        </testcase>
      </testsuite>
    </testsuite>
  </testsuite>
</testsuites>
